c:\users\bright lord\documents\visual studio 2017\projects\cuda_hair_simulation\cuda_hair_sim\x64\debug\vc141.pdb
c:\users\bright lord\documents\visual studio 2017\projects\cuda_hair_simulation\cuda_hair_sim\x64\debug\vc141.idb
c:\users\bright lord\documents\visual studio 2017\projects\cuda_hair_simulation\cuda_hair_sim\x64\debug\main.obj
c:\users\bright lord\documents\visual studio 2017\projects\cuda_hair_simulation\cuda_hair_sim\x64\debug\hairsimcpu.obj
c:\users\bright lord\documents\visual studio 2017\projects\cuda_hair_simulation\x64\debug\cuda_hair_sim.lib
c:\users\bright lord\documents\visual studio 2017\projects\cuda_hair_simulation\x64\debug\cuda_hair_sim.exp
c:\users\bright lord\documents\visual studio 2017\projects\cuda_hair_simulation\cuda_hair_sim\x64\debug\kernel.cu.cache
c:\users\bright lord\documents\visual studio 2017\projects\cuda_hair_simulation\cuda_hair_sim\x64\debug\kernel.cu.obj
c:\users\bright lord\documents\visual studio 2017\projects\cuda_hair_simulation\x64\debug\cuda_hair_sim.pdb
c:\users\bright lord\documents\visual studio 2017\projects\cuda_hair_simulation\cuda_hair_sim\x64\debug\cuda_hair_sim.tlog\cl.command.1.tlog
c:\users\bright lord\documents\visual studio 2017\projects\cuda_hair_simulation\cuda_hair_sim\x64\debug\cuda_hair_sim.tlog\cl.read.1.tlog
c:\users\bright lord\documents\visual studio 2017\projects\cuda_hair_simulation\cuda_hair_sim\x64\debug\cuda_hair_sim.tlog\cl.write.1.tlog
c:\users\bright lord\documents\visual studio 2017\projects\cuda_hair_simulation\cuda_hair_sim\x64\debug\cuda_hair_sim.tlog\cuda_hair_sim.write.1u.tlog
c:\users\bright lord\documents\visual studio 2017\projects\cuda_hair_simulation\cuda_hair_sim\x64\debug\cuda_hair_sim.tlog\link-cvtres.read.1.tlog
c:\users\bright lord\documents\visual studio 2017\projects\cuda_hair_simulation\cuda_hair_sim\x64\debug\cuda_hair_sim.tlog\link-cvtres.write.1.tlog
c:\users\bright lord\documents\visual studio 2017\projects\cuda_hair_simulation\cuda_hair_sim\x64\debug\cuda_hair_sim.tlog\link-rc.read.1.tlog
c:\users\bright lord\documents\visual studio 2017\projects\cuda_hair_simulation\cuda_hair_sim\x64\debug\cuda_hair_sim.tlog\link-rc.write.1.tlog
c:\users\bright lord\documents\visual studio 2017\projects\cuda_hair_simulation\cuda_hair_sim\x64\debug\cuda_hair_sim.tlog\link.14892-cvtres.read.1.tlog
c:\users\bright lord\documents\visual studio 2017\projects\cuda_hair_simulation\cuda_hair_sim\x64\debug\cuda_hair_sim.tlog\link.14892-cvtres.write.1.tlog
c:\users\bright lord\documents\visual studio 2017\projects\cuda_hair_simulation\cuda_hair_sim\x64\debug\cuda_hair_sim.tlog\link.14892-rc.read.1.tlog
c:\users\bright lord\documents\visual studio 2017\projects\cuda_hair_simulation\cuda_hair_sim\x64\debug\cuda_hair_sim.tlog\link.14892-rc.write.1.tlog
c:\users\bright lord\documents\visual studio 2017\projects\cuda_hair_simulation\cuda_hair_sim\x64\debug\cuda_hair_sim.tlog\link.14892.read.1.tlog
c:\users\bright lord\documents\visual studio 2017\projects\cuda_hair_simulation\cuda_hair_sim\x64\debug\cuda_hair_sim.tlog\link.14892.write.1.tlog
c:\users\bright lord\documents\visual studio 2017\projects\cuda_hair_simulation\cuda_hair_sim\x64\debug\cuda_hair_sim.tlog\link.command.1.tlog
c:\users\bright lord\documents\visual studio 2017\projects\cuda_hair_simulation\cuda_hair_sim\x64\debug\cuda_hair_sim.tlog\link.read.1.tlog
c:\users\bright lord\documents\visual studio 2017\projects\cuda_hair_simulation\cuda_hair_sim\x64\debug\cuda_hair_sim.tlog\link.write.1.tlog
